Arguments: 
  C:\Program Files\nodejs\node.exe C:\Program Files (x86)\Yarn\bin\yarn.js install

PATH: 
  C:\Users\adekanmi\bin;C:\Program Files\Git\mingw64\bin;C:\Program Files\Git\usr\local\bin;C:\Program Files\Git\usr\bin;C:\Program Files\Git\usr\bin;C:\Program Files\Git\mingw64\bin;C:\Program Files\Git\usr\bin;C:\Users\adekanmi\bin;C:\Program Files (x86)\Common Files\Oracle\Java\javapath;C:\WINDOWS\system32;C:\WINDOWS;C:\WINDOWS\System32\Wbem;C:\WINDOWS\System32\WindowsPowerShell\v1.0;C:\Program Files (x86)\Yarn\bin;C:\Program Files\Git\cmd;C:\ProgramData\ComposerSetup\bin;C:\Users\adekanmi\AppData\Roaming\nvm;C:\Program Files\nodejs;C:\Program Files\dotnet;C:\bin;C:\wamp64\bin\php\php7.4.26;G:\toplat exam\java\bin;C:\Users\adekanmi\AppData\Local\Microsoft\WindowsApps;C:\Users\adekanmi\AppData\Local\Programs\Microsoft VS Code\bin;C:\Users\adekanmi\AppData\Roaming\npm;C:\Users\adekanmi\AppData\Local\Yarn\bin;C:\Users\adekanmi\AppData\Roaming\Composer\vendor\bin;C:\Users\adekanmi\AppData\Roaming\nvm;C:\Program Files\nodejs;C:\Python27;C:\Program Files\Git\usr\bin\vendor_perl;C:\Program Files\Git\usr\bin\core_perl

Yarn version: 
  1.22.18

Node version: 
  16.15.0

Platform: 
  win32 x64

Trace: 
  Error: https://registry.yarnpkg.com/@expo/cli/-/cli-0.7.3.tgz: ESOCKETTIMEDOUT
      at ClientRequest.<anonymous> (C:\Program Files (x86)\Yarn\lib\cli.js:141510:19)
      at Object.onceWrapper (node:events:641:28)
      at ClientRequest.emit (node:events:527:28)
      at TLSSocket.emitRequestTimeout (node:_http_client:771:9)
      at Object.onceWrapper (node:events:641:28)
      at TLSSocket.emit (node:events:539:35)
      at TLSSocket.Socket._onTimeout (node:net:516:8)
      at listOnTimeout (node:internal/timers:559:17)
      at processTimers (node:internal/timers:502:7)

npm manifest: 
  {
    "main": "node_modules/expo/AppEntry.js",
    "scripts": {
      "start": "expo start",
      "android": "expo start --android",
      "ios": "expo start --ios",
      "web": "expo start --web",
      "eject": "expo eject"
    },
    "dependencies": {
      "@react-native-community/netinfo": "9.3.0",
      "expo": "^48.0.0",
      "expo-constants": "~13.2.3",
      "expo-permissions": "~13.2.0",
      "firebase": "7.9.0",
      "react": "18.0.0",
      "react-dom": "18.0.0",
      "react-native": "0.69.4",
      "react-native-web": "~0.18.7",
      "react-native-webview": "11.23.0",
      "expo-background-fetch": "~10.3.0"
    },
    "devDependencies": {
      "babel-preset-expo": "~9.2.0",
      "@babel/core": "^7.18.6"
    },
    "private": true
  }

yarn manifest: 
  No manifest

Lockfile: 
  No lockfile
